----------------------------------------------------------------
        Layer (type)               Output Shape         Param #
================================================================
            Conv2d-1         [-1, 64, 140, 210]           1,792
              ReLU-2         [-1, 64, 140, 210]               0
       BatchNorm2d-3         [-1, 64, 140, 210]             128
            Conv2d-4         [-1, 64, 140, 210]          36,928
              ReLU-5         [-1, 64, 140, 210]               0
       BatchNorm2d-6         [-1, 64, 140, 210]             128
            Conv2d-7         [-1, 64, 140, 210]          36,928
              ReLU-8         [-1, 64, 140, 210]               0
       BatchNorm2d-9         [-1, 64, 140, 210]             128
           Conv2d-10         [-1, 64, 140, 210]          36,928
             ReLU-11         [-1, 64, 140, 210]               0
      BatchNorm2d-12         [-1, 64, 140, 210]             128
          Dropout-13         [-1, 64, 140, 210]               0
        AvgPool2d-14          [-1, 64, 70, 105]               0
           Conv2d-15         [-1, 128, 70, 105]          73,856
             ReLU-16         [-1, 128, 70, 105]               0
      BatchNorm2d-17         [-1, 128, 70, 105]             256
           Conv2d-18         [-1, 128, 70, 105]         147,584
             ReLU-19         [-1, 128, 70, 105]               0
      BatchNorm2d-20         [-1, 128, 70, 105]             256
           Conv2d-21         [-1, 128, 70, 105]         147,584
             ReLU-22         [-1, 128, 70, 105]               0
      BatchNorm2d-23         [-1, 128, 70, 105]             256
          Dropout-24         [-1, 128, 70, 105]               0
           Conv2d-25         [-1, 256, 70, 105]         295,168
             ReLU-26         [-1, 256, 70, 105]               0
      BatchNorm2d-27         [-1, 256, 70, 105]             512
           Conv2d-28         [-1, 256, 70, 105]         590,080
             ReLU-29         [-1, 256, 70, 105]               0
      BatchNorm2d-30         [-1, 256, 70, 105]             512
           Conv2d-31          [-1, 256, 36, 54]          65,792
             ReLU-32          [-1, 256, 36, 54]               0
      BatchNorm2d-33          [-1, 256, 36, 54]             512
        AvgPool2d-34            [-1, 256, 4, 6]               0
             View-35                 [-1, 6144]               0
           Linear-36                    [-1, 4]          24,580
          Sigmoid-37                    [-1, 4]               0
================================================================
Total params: 1,460,036
Trainable params: 1,460,036
Non-trainable params: 0
----------------------------------------------------------------
Input size (MB): 0.34
Forward/backward pass size (MB): 359.60
Params size (MB): 5.57
Estimated Total Size (MB): 365.51
----------------------------------------------------------------
Reading data
Loaded data
(5546, 4)
(5546, 3, 140, 210)
(5546, 3, 140, 210)
Epoch 1 loss = 0.7823548261572917
Epoch 2 loss = 0.6165595473100741
Epoch 3 loss = 0.6020391317953666
Epoch 4 loss = 0.592926087503632
Epoch 5 loss = 0.5919608283787966
Epoch 6 loss = 0.5842204310496648
Epoch 7 loss = 0.5809024297942718
Epoch 8 loss = 0.5727372268090646
Epoch 9 loss = 0.5664671577761571
Epoch 10 loss = 0.5620904268076022
Epoch 11 loss = 0.5592210228741169
Epoch 12 loss = 0.5537982301662365
Epoch 13 loss = 0.556979045557479
Epoch 14 loss = 0.5466593055675427
Epoch 15 loss = 0.5406708240509033
Epoch 16 loss = 0.5334100918720166
Epoch 17 loss = 0.5255050290003419
Epoch 18 loss = 0.5202003809933861
Epoch 19 loss = 0.5070776846508185
Epoch 20 loss = 0.5071629790465036
Acc: 0.3381367292225201
Loss: 0.1755008651118416
