----------------------------------------------------------------
        Layer (type)               Output Shape         Param #
================================================================
            Conv2d-1         [-1, 64, 140, 210]           1,792
              ReLU-2         [-1, 64, 140, 210]               0
       BatchNorm2d-3         [-1, 64, 140, 210]             128
            Conv2d-4         [-1, 64, 140, 210]          36,928
              ReLU-5         [-1, 64, 140, 210]               0
       BatchNorm2d-6         [-1, 64, 140, 210]             128
            Conv2d-7         [-1, 64, 140, 210]          36,928
              ReLU-8         [-1, 64, 140, 210]               0
       BatchNorm2d-9         [-1, 64, 140, 210]             128
           Conv2d-10         [-1, 64, 140, 210]          36,928
             ReLU-11         [-1, 64, 140, 210]               0
      BatchNorm2d-12         [-1, 64, 140, 210]             128
          Dropout-13         [-1, 64, 140, 210]               0
        AvgPool2d-14          [-1, 64, 70, 105]               0
           Conv2d-15         [-1, 128, 70, 105]          73,856
             ReLU-16         [-1, 128, 70, 105]               0
      BatchNorm2d-17         [-1, 128, 70, 105]             256
           Conv2d-18         [-1, 128, 70, 105]         147,584
             ReLU-19         [-1, 128, 70, 105]               0
      BatchNorm2d-20         [-1, 128, 70, 105]             256
           Conv2d-21         [-1, 128, 70, 105]         147,584
             ReLU-22         [-1, 128, 70, 105]               0
      BatchNorm2d-23         [-1, 128, 70, 105]             256
          Dropout-24         [-1, 128, 70, 105]               0
           Conv2d-25         [-1, 256, 70, 105]         295,168
             ReLU-26         [-1, 256, 70, 105]               0
      BatchNorm2d-27         [-1, 256, 70, 105]             512
           Conv2d-28         [-1, 256, 70, 105]         590,080
             ReLU-29         [-1, 256, 70, 105]               0
      BatchNorm2d-30         [-1, 256, 70, 105]             512
           Conv2d-31          [-1, 256, 36, 54]          65,792
             ReLU-32          [-1, 256, 36, 54]               0
      BatchNorm2d-33          [-1, 256, 36, 54]             512
        AvgPool2d-34            [-1, 256, 4, 6]               0
             View-35                 [-1, 6144]               0
           Linear-36                    [-1, 4]          24,580
          Sigmoid-37                    [-1, 4]               0
================================================================
Total params: 1,460,036
Trainable params: 1,460,036
Non-trainable params: 0
----------------------------------------------------------------
Input size (MB): 0.34
Forward/backward pass size (MB): 359.60
Params size (MB): 5.57
Estimated Total Size (MB): 365.51
----------------------------------------------------------------
Reading data
Loaded data
(5546, 3, 140, 210)
Epoch 1 loss = 0.7770811242858569
Epoch 2 loss = 0.6195146027207374
Epoch 3 loss = 0.6049120974292358
Epoch 4 loss = 0.5979187628130118
Epoch 5 loss = 0.5914748868346215
Epoch 6 loss = 0.5842512221634388
Epoch 7 loss = 0.5805770701915026
Epoch 8 loss = 0.5753885262211164
Epoch 9 loss = 0.5692101479570071
Epoch 10 loss = 0.5695633464058241
Epoch 11 loss = 0.5680103648453951
Epoch 12 loss = 0.5706414752453566
Epoch 13 loss = 0.5601374764243762
Epoch 14 loss = 0.5540147008250157
Epoch 15 loss = 0.5538024760286013
Epoch 16 loss = 0.5436387473344803
Epoch 17 loss = 0.5381224897007147
Epoch 18 loss = 0.5370659726237257
Epoch 19 loss = 0.5382006792848308
Epoch 20 loss = 0.5440166135008137
Acc: 0.31702412868632707
Loss: 0.16277830943405308
