----------------------------------------------------------------
        Layer (type)               Output Shape         Param #
================================================================
            Conv2d-1         [-1, 32, 140, 210]             896
              ReLU-2         [-1, 32, 140, 210]               0
       BatchNorm2d-3         [-1, 32, 140, 210]              64
            Conv2d-4         [-1, 32, 140, 210]           9,248
              ReLU-5         [-1, 32, 140, 210]               0
       BatchNorm2d-6         [-1, 32, 140, 210]              64
            Conv2d-7         [-1, 32, 140, 210]           9,248
              ReLU-8         [-1, 32, 140, 210]               0
       BatchNorm2d-9         [-1, 32, 140, 210]              64
           Conv2d-10         [-1, 32, 140, 210]           9,248
             ReLU-11         [-1, 32, 140, 210]               0
      BatchNorm2d-12         [-1, 32, 140, 210]              64
          Dropout-13         [-1, 32, 140, 210]               0
        AvgPool2d-14          [-1, 32, 70, 105]               0
           Conv2d-15          [-1, 64, 70, 105]          18,496
             ReLU-16          [-1, 64, 70, 105]               0
      BatchNorm2d-17          [-1, 64, 70, 105]             128
           Conv2d-18          [-1, 64, 70, 105]          36,928
             ReLU-19          [-1, 64, 70, 105]               0
      BatchNorm2d-20          [-1, 64, 70, 105]             128
           Conv2d-21          [-1, 64, 70, 105]          36,928
             ReLU-22          [-1, 64, 70, 105]               0
      BatchNorm2d-23          [-1, 64, 70, 105]             128
          Dropout-24          [-1, 64, 70, 105]               0
           Conv2d-25         [-1, 128, 70, 105]          73,856
             ReLU-26         [-1, 128, 70, 105]               0
      BatchNorm2d-27         [-1, 128, 70, 105]             256
           Conv2d-28         [-1, 128, 70, 105]         147,584
             ReLU-29         [-1, 128, 70, 105]               0
      BatchNorm2d-30         [-1, 128, 70, 105]             256
           Conv2d-31          [-1, 128, 36, 54]          16,512
             ReLU-32          [-1, 128, 36, 54]               0
      BatchNorm2d-33          [-1, 128, 36, 54]             256
        AvgPool2d-34            [-1, 128, 4, 6]               0
             View-35                 [-1, 3072]               0
           Linear-36                    [-1, 4]          12,292
          Sigmoid-37                    [-1, 4]               0
================================================================
Total params: 372,644
Trainable params: 372,644
Non-trainable params: 0
----------------------------------------------------------------
Input size (MB): 0.34
Forward/backward pass size (MB): 179.80
Params size (MB): 1.42
Estimated Total Size (MB): 181.56
----------------------------------------------------------------
Reading data
Loaded data
----------
Test err: [0.5080429  0.42761394 0.47184987 0.3230563 ]
Test Loss: 0.6929077995846162
Epoch 1 loss = 0.995978341505291
----------
Test err: [0.45174263 0.41957105 0.52412869 0.33378016]
Test Loss: 0.849064474301188
Epoch 2 loss = 0.7203295440200826
----------
Test err: [0.46648794 0.40884718 0.45174263 0.36058981]
Test Loss: 0.7105800614120493
Epoch 3 loss = 0.6924817371943681
----------
Test err: [0.4772118  0.3766756  0.45040214 0.35522788]
Test Loss: 0.6751278217172815
Epoch 4 loss = 0.6648560270227631
----------
Test err: [0.46246649 0.42627346 0.47184987 0.32171582]
Test Loss: 0.8146377703819134
Epoch 5 loss = 0.6459719711270473
----------
Test err: [0.39410188 0.35120643 0.42091153 0.30563003]
Test Loss: 0.6330892595265251
Epoch 6 loss = 0.6409303072949837
----------
Test err: [0.44101877 0.37801609 0.47855228 0.39544236]
Test Loss: 0.7181158555277072
Epoch 7 loss = 0.635952844856252
----------
Test err: [0.4691689  0.44101877 0.44101877 0.41286863]
Test Loss: 0.760799645778321
Epoch 8 loss = 0.6404893139412192
----------
Test err: [0.41018767 0.30831099 0.3766756  0.30697051]
Test Loss: 0.6295738489873927
Epoch 9 loss = 0.6147106505590854
----------
Test err: [0.39142091 0.27747989 0.36058981 0.29356568]
Test Loss: 0.61897725266362
Epoch 10 loss = 0.6231202983344848
----------
Test err: [0.44101877 0.41018767 0.45978552 0.32037534]
Test Loss: 0.8115393409939937
Epoch 11 loss = 0.604377147819018
----------
Test err: [0.36863271 0.26809651 0.35254692 0.3002681 ]
Test Loss: 0.6005456606100935
Epoch 12 loss = 0.610105445174046
----------
Test err: [0.3847185  0.33512064 0.37801609 0.36058981]
Test Loss: 0.6724275647295545
Epoch 13 loss = 0.6117283107448199
----------
Test err: [0.42895442 0.41420912 0.45174263 0.3150134 ]
Test Loss: 0.6785903949360426
Epoch 14 loss = 0.6181724151401673
----------
Test err: [0.40080429 0.27882038 0.38739946 0.29088472]
Test Loss: 0.6209624190652498
Epoch 15 loss = 0.6043558608111363
----------
Test err: [0.37399464 0.27882038 0.43699732 0.30160858]
Test Loss: 0.6696565654802937
Epoch 16 loss = 0.5980826120913508
----------
Test err: [0.39142091 0.23324397 0.36997319 0.29088472]
Test Loss: 0.5953898721701658
Epoch 17 loss = 0.6088095650915806
----------
Test err: [0.35120643 0.23458445 0.31367292 0.28686327]
Test Loss: 0.5709900781612134
Epoch 18 loss = 0.5879662871041182
----------
Test err: [0.35790885 0.24128686 0.32573727 0.269437  ]
Test Loss: 0.5829500599686885
Epoch 19 loss = 0.5978685503990337
----------
Test err: [0.38337802 0.38873995 0.3847185  0.29624665]
Test Loss: 0.6993605361267645
Epoch 20 loss = 0.6057347831074098
----------
Test err: [0.36461126 0.24396783 0.32037534 0.27345845]
Test Loss: 0.5710838914177213
Epoch 21 loss = 0.5744271404621748
----------
Test err: [0.35656836 0.26005362 0.40616622 0.28284182]
Test Loss: 0.6127644530509976
Epoch 22 loss = 0.5960362707002553
----------
Test err: [0.35254692 0.22520107 0.29088472 0.26809651]
Test Loss: 0.5679118314772924
Epoch 23 loss = 0.592564498451376
----------
Test err: [0.37801609 0.27613941 0.34450402 0.29758713]
Test Loss: 0.6051464271869001
Epoch 24 loss = 0.5955170158087089
----------
Test err: [0.38605898 0.27345845 0.32439678 0.3310992 ]
Test Loss: 0.6078702715093185
Epoch 25 loss = 0.585830846356962
----------
Test err: [0.36058981 0.2613941  0.31635389 0.27613941]
Test Loss: 0.58289340679751
Epoch 26 loss = 0.5718364394382242
----------
Test err: [0.36193029 0.23994638 0.32707775 0.27747989]
Test Loss: 0.5809522672948345
Epoch 27 loss = 0.5857983862746496
----------
Test err: [0.37399464 0.25067024 0.36193029 0.27211796]
Test Loss: 0.5976546321703425
Epoch 28 loss = 0.5861070601933763
----------
Test err: [0.36997319 0.27747989 0.43297587 0.2922252 ]
Test Loss: 0.6878460335567713
Epoch 29 loss = 0.5845354595708464
----------
Test err: [0.33780161 0.22654155 0.34182306 0.2922252 ]
Test Loss: 0.5752692211858789
Epoch 30 loss = 0.584546607716793
----------
Test err: [0.34182306 0.28284182 0.37399464 0.36058981]
Test Loss: 0.6282901900942779
Epoch 31 loss = 0.5732707769557555
----------
Test err: [0.46648794 0.32037534 0.42091153 0.49597855]
Test Loss: 0.7446528702484938
Epoch 32 loss = 0.5846407963187701
----------
Test err: [0.37265416 0.27479893 0.39946381 0.29356568]
Test Loss: 0.6139275965557981
Epoch 33 loss = 0.5884442238321892
----------
Test err: [0.34986595 0.24798928 0.30697051 0.29490617]
Test Loss: 0.5801526693797023
Epoch 34 loss = 0.5805570775637997
----------
Test err: [0.3538874  0.25737265 0.40080429 0.32841823]
Test Loss: 0.6616237089687075
Epoch 35 loss = 0.6006032425021358
----------
Test err: [0.35656836 0.24664879 0.32171582 0.269437  ]
Test Loss: 0.5784805189648359
Epoch 36 loss = 0.5824752683294363
----------
Test err: [0.36058981 0.23190349 0.30831099 0.27613941]
Test Loss: 0.5749468634669087
Epoch 37 loss = 0.5818923684611078
----------
Test err: [0.36595174 0.24262735 0.32171582 0.27345845]
Test Loss: 0.5733504711023605
Epoch 38 loss = 0.5704967493026569
----------
Test err: [0.38069705 0.22252011 0.33512064 0.27479893]
Test Loss: 0.5886697920773368
Epoch 39 loss = 0.5857588907668801
----------
Test err: [0.36058981 0.2386059  0.28016086 0.28686327]
Test Loss: 0.5613290830128315
Epoch 40 loss = 0.5668546312935551
----------
Test err: [0.35522788 0.25469169 0.37399464 0.26809651]
Test Loss: 0.5923752819834621
Epoch 41 loss = 0.5757196182859488
----------
Test err: [0.35522788 0.35522788 0.42895442 0.33378016]
Test Loss: 0.6910806841668911
Epoch 42 loss = 0.5745503718667632
----------
Test err: [0.35656836 0.28418231 0.36729223 0.25871314]
Test Loss: 0.6262180340968212
Epoch 43 loss = 0.5810052538365525
----------
Test err: [0.36997319 0.24664879 0.34450402 0.3002681 ]
Test Loss: 0.5806149903175498
Epoch 44 loss = 0.5743301068170461
----------
Test err: [0.3230563  0.27077748 0.31769437 0.30294906]
Test Loss: 0.6055394253985652
Epoch 45 loss = 0.5734258870976221
----------
Test err: [0.39678284 0.24396783 0.29490617 0.26675603]
Test Loss: 0.5700526570566697
Epoch 46 loss = 0.5636083194461649
----------
Test err: [0.3847185  0.24262735 0.34718499 0.29490617]
Test Loss: 0.5875325146513235
Epoch 47 loss = 0.5695140988193952
----------
Test err: [0.3538874  0.22520107 0.32841823 0.29356568]
Test Loss: 0.571504156746909
Epoch 48 loss = 0.5735457533166491
----------
Test err: [0.37533512 0.230563   0.31233244 0.28820375]
Test Loss: 0.5654675910703778
Epoch 49 loss = 0.5673957056398367
----------
Test err: [0.35120643 0.24396783 0.33378016 0.26541555]
Test Loss: 0.5889025367334505
Epoch 50 loss = 0.5730144749058476
