----------------------------------------------------------------
        Layer (type)               Output Shape         Param #
================================================================
            Conv2d-1         [-1, 64, 140, 210]           1,792
       BatchNorm2d-2         [-1, 64, 140, 210]             128
              ReLU-3         [-1, 64, 140, 210]               0
            Conv2d-4         [-1, 64, 140, 210]          36,928
       BatchNorm2d-5         [-1, 64, 140, 210]             128
              ReLU-6         [-1, 64, 140, 210]               0
       double_conv-7         [-1, 64, 140, 210]               0
            inconv-8         [-1, 64, 140, 210]               0
         MaxPool2d-9          [-1, 64, 70, 105]               0
           Conv2d-10         [-1, 128, 70, 105]          73,856
      BatchNorm2d-11         [-1, 128, 70, 105]             256
             ReLU-12         [-1, 128, 70, 105]               0
           Conv2d-13         [-1, 128, 70, 105]         147,584
      BatchNorm2d-14         [-1, 128, 70, 105]             256
             ReLU-15         [-1, 128, 70, 105]               0
      double_conv-16         [-1, 128, 70, 105]               0
             down-17         [-1, 128, 70, 105]               0
        MaxPool2d-18          [-1, 128, 35, 52]               0
           Conv2d-19          [-1, 256, 35, 52]         295,168
      BatchNorm2d-20          [-1, 256, 35, 52]             512
             ReLU-21          [-1, 256, 35, 52]               0
           Conv2d-22          [-1, 256, 35, 52]         590,080
      BatchNorm2d-23          [-1, 256, 35, 52]             512
             ReLU-24          [-1, 256, 35, 52]               0
      double_conv-25          [-1, 256, 35, 52]               0
             down-26          [-1, 256, 35, 52]               0
        MaxPool2d-27          [-1, 256, 17, 26]               0
           Conv2d-28          [-1, 512, 17, 26]       1,180,160
      BatchNorm2d-29          [-1, 512, 17, 26]           1,024
             ReLU-30          [-1, 512, 17, 26]               0
           Conv2d-31          [-1, 512, 17, 26]       2,359,808
      BatchNorm2d-32          [-1, 512, 17, 26]           1,024
             ReLU-33          [-1, 512, 17, 26]               0
      double_conv-34          [-1, 512, 17, 26]               0
             down-35          [-1, 512, 17, 26]               0
        MaxPool2d-36           [-1, 512, 8, 13]               0
           Conv2d-37           [-1, 512, 8, 13]       2,359,808
      BatchNorm2d-38           [-1, 512, 8, 13]           1,024
             ReLU-39           [-1, 512, 8, 13]               0
           Conv2d-40           [-1, 512, 8, 13]       2,359,808
      BatchNorm2d-41           [-1, 512, 8, 13]           1,024
             ReLU-42           [-1, 512, 8, 13]               0
      double_conv-43           [-1, 512, 8, 13]               0
             down-44           [-1, 512, 8, 13]               0
  ConvTranspose2d-45          [-1, 512, 16, 26]       1,049,088
           Conv2d-46          [-1, 256, 17, 26]       2,359,552
      BatchNorm2d-47          [-1, 256, 17, 26]             512
             ReLU-48          [-1, 256, 17, 26]               0
           Conv2d-49          [-1, 256, 17, 26]         590,080
      BatchNorm2d-50          [-1, 256, 17, 26]             512
             ReLU-51          [-1, 256, 17, 26]               0
      double_conv-52          [-1, 256, 17, 26]               0
               up-53          [-1, 256, 17, 26]               0
  ConvTranspose2d-54          [-1, 256, 34, 52]         262,400
           Conv2d-55          [-1, 128, 35, 52]         589,952
      BatchNorm2d-56          [-1, 128, 35, 52]             256
             ReLU-57          [-1, 128, 35, 52]               0
           Conv2d-58          [-1, 128, 35, 52]         147,584
      BatchNorm2d-59          [-1, 128, 35, 52]             256
             ReLU-60          [-1, 128, 35, 52]               0
      double_conv-61          [-1, 128, 35, 52]               0
               up-62          [-1, 128, 35, 52]               0
  ConvTranspose2d-63         [-1, 128, 70, 104]          65,664
           Conv2d-64          [-1, 64, 70, 105]         147,520
      BatchNorm2d-65          [-1, 64, 70, 105]             128
             ReLU-66          [-1, 64, 70, 105]               0
           Conv2d-67          [-1, 64, 70, 105]          36,928
      BatchNorm2d-68          [-1, 64, 70, 105]             128
             ReLU-69          [-1, 64, 70, 105]               0
      double_conv-70          [-1, 64, 70, 105]               0
               up-71          [-1, 64, 70, 105]               0
  ConvTranspose2d-72         [-1, 64, 140, 210]          16,448
           Conv2d-73         [-1, 64, 140, 210]          73,792
      BatchNorm2d-74         [-1, 64, 140, 210]             128
             ReLU-75         [-1, 64, 140, 210]               0
           Conv2d-76         [-1, 64, 140, 210]          36,928
      BatchNorm2d-77         [-1, 64, 140, 210]             128
             ReLU-78         [-1, 64, 140, 210]               0
      double_conv-79         [-1, 64, 140, 210]               0
               up-80         [-1, 64, 140, 210]               0
           Conv2d-81          [-1, 4, 140, 210]             260
          outconv-82          [-1, 4, 140, 210]               0
================================================================
Total params: 14,789,124
Trainable params: 14,789,124
Non-trainable params: 0
----------------------------------------------------------------
Input size (MB): 0.34
Forward/backward pass size (MB): 417.42
Params size (MB): 56.42
Estimated Total Size (MB): 474.17
----------------------------------------------------------------
Learning rate: 0.005
Augmentation: 1
Using Dice loss
Reading data
Loaded data
Training model
Dice: 0.16734122813969451
Loss: -0.21941879955707144
Epoch 1 loss = -0.3617499898170338
-------------
Dice: 0.2522790233814878
Loss: -0.2521983208723845
Epoch 2 loss = -0.4101465429920933
-------------
Dice: 0.306209829114962
Loss: -0.3058182105696151
Epoch 3 loss = -0.4253749675629286
-------------
Dice: 0.41612632264185373
Loss: -0.41582561580878913
Epoch 4 loss = -0.4276972170170127
-------------
Dice: 0.39776780018431784
Loss: -0.3976658719030704
Epoch 5 loss = -0.43385514057673336
-------------
Dice: 0.27797914253139294
Loss: -0.2779308144146521
Epoch 6 loss = -0.4424298739625046
-------------
Dice: 0.4139400180599016
Loss: -0.4133262541555383
Epoch 7 loss = -0.44405966853328427
-------------
Dice: 0.3914208753186005
Loss: -0.39136072108626174
Epoch 8 loss = -0.43340882267453396
-------------
Dice: 0.41390491878296176
Loss: -0.4138293139949017
Epoch 9 loss = -0.43756159780492093
-------------
Dice: 0.43256525503299675
Loss: -0.43247035140727613
Epoch 10 loss = -0.4299101724062145
-------------
Dice: 0.41357012324638287
Loss: -0.41354512687176176
Epoch 11 loss = -0.44316238092992644
-------------
Dice: 0.4105570796243443
Loss: -0.41051944554315245
Epoch 12 loss = -0.4319542918064639
-------------
Dice: 0.4335974507233192
Loss: -0.4335439573194124
Epoch 13 loss = -0.43422115168686526
-------------
Dice: 0.43078779918608434
Loss: -0.4307806094348296
Epoch 14 loss = -0.4474724428104012
-------------
Dice: 0.42283235436352906
Loss: -0.42276625444185206
Epoch 15 loss = -0.43676201523788494
-------------
Dice: 0.3836480737570427
Loss: -0.3836257773591862
Epoch 16 loss = -0.4415721407524702
-------------
Dice: 0.4354387304369283
Loss: -0.4353758450040514
Epoch 17 loss = -0.45578234876448603
-------------
Dice: 0.42425865302452503
Loss: -0.4242250784711613
Epoch 18 loss = -0.45160779476804963
-------------
Dice: 0.3835160291240805
Loss: -0.38336245603906827
Epoch 19 loss = -0.447370520705512
-------------
Dice: 0.44512712235456486
Loss: -0.4449519609681579
Epoch 20 loss = -0.4463669213468843
-------------
Dice: 0.4417180916016792
Loss: -0.4416643027572655
Epoch 21 loss = -0.4441123244430041
-------------
Dice: 0.4329987720997434
Loss: -0.4329131512236517
Epoch 22 loss = -0.4523200067534204
-------------
Dice: 0.4383554650159167
Loss: -0.4382028005146195
Epoch 23 loss = -0.45544339872237505
-------------
Dice: 0.39926978923153833
Loss: -0.39920477225242557
Epoch 24 loss = -0.46183986374584024
-------------
Dice: 0.4509989665730623
Loss: -0.4509427000888531
Epoch 25 loss = -0.45466687963731167
-------------
Dice: 0.40876236880272454
Loss: -0.4086931256821195
Epoch 26 loss = -0.45203770669152205
-------------
Dice: 0.45414232796034854
Loss: -0.45405368357786396
Epoch 27 loss = -0.4503618555478053
-------------
Dice: 0.4430441831999649
Loss: -0.4429557542004071
Epoch 28 loss = -0.458343053631105
-------------
Dice: 0.44255677885818423
Loss: -0.44250769006933127
Epoch 29 loss = -0.45627160094698377
-------------
Dice: 0.38084011987437505
Loss: -0.3808094110089801
Epoch 30 loss = -0.46189861978346797
-------------
Dice: 0.4284611136912922
Loss: -0.42840963475252974
Epoch 31 loss = -0.4518071111021988
-------------
Dice: 0.45755443812575347
Loss: -0.4574780973926076
Epoch 32 loss = -0.46472623225191645
-------------
Dice: 0.44939424694849983
Loss: -0.44936070025205455
Epoch 33 loss = -0.46710499250217674
-------------
Dice: 0.4548754372518502
Loss: -0.45488349486125584
Epoch 34 loss = -0.4523936915972917
-------------
Dice: 0.44586119692258624
Loss: -0.44581051382305664
Epoch 35 loss = -0.46569405883630544
-------------
Dice: 0.4528070523921943
Loss: -0.4526694294674194
Epoch 36 loss = -0.4596641222689171
-------------
Dice: 0.4545809671319801
Loss: -0.4544652116960447
Epoch 37 loss = -0.47245780999794723
-------------
Dice: 0.4579975217947502
Loss: -0.45785630993608034
Epoch 38 loss = -0.4652067194355717
-------------
Dice: 0.44585227476327416
Loss: -0.44586028162543345
Epoch 39 loss = -0.4718704510470178
-------------
Dice: 0.4649453957469633
Loss: -0.464761871682484
Epoch 40 loss = -0.4731883250836073
-------------
Dice: 0.4459095344627655
Loss: -0.4457076985718109
Epoch 41 loss = -0.4711161379679918
-------------
Dice: 0.4855228795796178
Loss: -0.48534289614290466
Epoch 42 loss = -0.48054752560786845
-------------
Dice: 0.48332965583570286
Loss: -0.48319887240308135
Epoch 43 loss = -0.47924783466328885
-------------
Dice: 0.4838591991833593
Loss: -0.48376008991401576
Epoch 44 loss = -0.4864861774220863
-------------
Dice: 0.50177380669712
Loss: -0.5017027493745628
Epoch 45 loss = -0.48818553756453076
-------------
Dice: 0.507298372501135
Loss: -0.5071973200640508
Epoch 46 loss = -0.5027638558727806
-------------
Dice: 0.5048249264943411
Loss: -0.5047353080606739
Epoch 47 loss = -0.49196563377457075
-------------
Dice: 0.5094961645946734
Loss: -0.5094505991659019
Epoch 48 loss = -0.4916867787972212
-------------
Dice: 0.5011759835170638
Loss: -0.5010539117808058
Epoch 49 loss = -0.5054617762246016
-------------
Dice: 0.5148702594916146
Loss: -0.5148043630684482
Epoch 50 loss = -0.5118498287635578
-------------
Dice: 0.5067261459072547
Loss: -0.5066940381081279
Epoch 51 loss = -0.5010149019493174
-------------
Dice: 0.49512451770362537
Loss: -0.4949197409793764
Epoch 52 loss = -0.5010804067348348
-------------
Dice: 0.5166962427981272
Loss: -0.5166066300992354
Epoch 53 loss = -0.5094607525153071
-------------
Dice: 0.506191710546924
Loss: -0.5060851940285364
Epoch 54 loss = -0.5020101573767675
-------------
Dice: 0.5185272769612534
Loss: -0.5184715190358918
Epoch 55 loss = -0.49809061969572993
-------------
Dice: 0.5143587950942079
Loss: -0.514303498553873
Epoch 56 loss = -0.5063351898506563
-------------
Dice: 0.4956070588856533
Loss: -0.49554406421413205
Epoch 57 loss = -0.5137910492937942
-------------
Dice: 0.4578952784704193
Loss: -0.4578757395774102
Epoch 58 loss = -0.4999350351718412
-------------
Dice: 0.5116614064375917
Loss: -0.5116295562598612
Epoch 59 loss = -0.5193927066735224
-------------
Dice: 0.5043778003351608
Loss: -0.5043635621228097
Epoch 60 loss = -0.5099257779664712
-------------
Dice: 0.5229759875826298
Loss: -0.522956047528493
Epoch 61 loss = -0.5074923410012958
-------------
Dice: 0.5027643819611181
Loss: -0.5027188324653062
Epoch 62 loss = -0.5110053509553699
-------------
Dice: 0.5139100113484438
Loss: -0.5138806052858971
Epoch 63 loss = -0.5026358352429745
-------------
Dice: 0.5157488250394181
Loss: -0.5156146177257237
Epoch 64 loss = -0.5119244440311401
-------------
Dice: 0.5196613414809206
Loss: -0.519632489153365
Epoch 65 loss = -0.5142031824141341
-------------
Dice: 0.5113347952113186
Loss: -0.5112703996555548
Epoch 66 loss = -0.5175218062010911
-------------
Dice: 0.5200983717817707
Loss: -0.5200596828088325
Epoch 67 loss = -0.5110021946257625
-------------
Dice: 0.5066579628846656
Loss: -0.5062513353611537
Epoch 68 loss = -0.5176541228396643
-------------
Dice: 0.48712016689482096
Loss: -0.4870809555228241
Epoch 69 loss = -0.5168597305907641
-------------
Dice: 0.4887637721827251
Loss: -0.48870213759822817
Epoch 70 loss = -0.5140232237670121
-------------
Dice: 0.5289047659875344
Loss: -0.5288746422257492
Epoch 71 loss = -0.5127546764890246
-------------
Dice: 0.5179321190768295
Loss: -0.5178708803178577
Epoch 72 loss = -0.5281911679311349
-------------
Dice: 0.5024794319760402
Loss: -0.5024354371284228
Epoch 73 loss = -0.5150929122124537
-------------
Dice: 0.5302094522619061
Loss: -0.5301802895054736
Epoch 74 loss = -0.5247506426582388
-------------
Dice: 0.49624604217821056
Loss: -0.4961845764480324
Epoch 75 loss = -0.5161975786769039
-------------
Dice: 0.5287643988521489
Loss: -0.5287451721588713
Epoch 76 loss = -0.5206800935735012
-------------
Dice: 0.5186695475961706
Loss: -0.5186460258177975
Epoch 77 loss = -0.5194041701807733
-------------
Dice: 0.5261460216581061
Loss: -0.5260977293002491
Epoch 78 loss = -0.5373361591679161
-------------
Dice: 0.5212363852254979
Loss: -0.5211739224306055
Epoch 79 loss = -0.5323327599198185
-------------
Dice: 0.536466825718842
Loss: -0.5364409925618283
Epoch 80 loss = -0.5282823165364304
-------------
