----------------------------------------------------------------
        Layer (type)               Output Shape         Param #
================================================================
            Conv2d-1         [-1, 64, 140, 210]           1,792
       BatchNorm2d-2         [-1, 64, 140, 210]             128
              ReLU-3         [-1, 64, 140, 210]               0
            Conv2d-4         [-1, 64, 140, 210]          36,928
       BatchNorm2d-5         [-1, 64, 140, 210]             128
              ReLU-6         [-1, 64, 140, 210]               0
       double_conv-7         [-1, 64, 140, 210]               0
            inconv-8         [-1, 64, 140, 210]               0
         MaxPool2d-9          [-1, 64, 70, 105]               0
           Conv2d-10         [-1, 128, 70, 105]          73,856
      BatchNorm2d-11         [-1, 128, 70, 105]             256
             ReLU-12         [-1, 128, 70, 105]               0
           Conv2d-13         [-1, 128, 70, 105]         147,584
      BatchNorm2d-14         [-1, 128, 70, 105]             256
             ReLU-15         [-1, 128, 70, 105]               0
      double_conv-16         [-1, 128, 70, 105]               0
             down-17         [-1, 128, 70, 105]               0
        MaxPool2d-18          [-1, 128, 35, 52]               0
           Conv2d-19          [-1, 256, 35, 52]         295,168
      BatchNorm2d-20          [-1, 256, 35, 52]             512
             ReLU-21          [-1, 256, 35, 52]               0
           Conv2d-22          [-1, 256, 35, 52]         590,080
      BatchNorm2d-23          [-1, 256, 35, 52]             512
             ReLU-24          [-1, 256, 35, 52]               0
      double_conv-25          [-1, 256, 35, 52]               0
             down-26          [-1, 256, 35, 52]               0
        MaxPool2d-27          [-1, 256, 17, 26]               0
           Conv2d-28          [-1, 512, 17, 26]       1,180,160
      BatchNorm2d-29          [-1, 512, 17, 26]           1,024
             ReLU-30          [-1, 512, 17, 26]               0
           Conv2d-31          [-1, 512, 17, 26]       2,359,808
      BatchNorm2d-32          [-1, 512, 17, 26]           1,024
             ReLU-33          [-1, 512, 17, 26]               0
      double_conv-34          [-1, 512, 17, 26]               0
             down-35          [-1, 512, 17, 26]               0
        MaxPool2d-36           [-1, 512, 8, 13]               0
           Conv2d-37           [-1, 512, 8, 13]       2,359,808
      BatchNorm2d-38           [-1, 512, 8, 13]           1,024
             ReLU-39           [-1, 512, 8, 13]               0
           Conv2d-40           [-1, 512, 8, 13]       2,359,808
      BatchNorm2d-41           [-1, 512, 8, 13]           1,024
             ReLU-42           [-1, 512, 8, 13]               0
      double_conv-43           [-1, 512, 8, 13]               0
             down-44           [-1, 512, 8, 13]               0
  ConvTranspose2d-45          [-1, 512, 16, 26]       1,049,088
           Conv2d-46          [-1, 256, 17, 26]       2,359,552
      BatchNorm2d-47          [-1, 256, 17, 26]             512
             ReLU-48          [-1, 256, 17, 26]               0
           Conv2d-49          [-1, 256, 17, 26]         590,080
      BatchNorm2d-50          [-1, 256, 17, 26]             512
             ReLU-51          [-1, 256, 17, 26]               0
      double_conv-52          [-1, 256, 17, 26]               0
               up-53          [-1, 256, 17, 26]               0
  ConvTranspose2d-54          [-1, 256, 34, 52]         262,400
           Conv2d-55          [-1, 128, 35, 52]         589,952
      BatchNorm2d-56          [-1, 128, 35, 52]             256
             ReLU-57          [-1, 128, 35, 52]               0
           Conv2d-58          [-1, 128, 35, 52]         147,584
      BatchNorm2d-59          [-1, 128, 35, 52]             256
             ReLU-60          [-1, 128, 35, 52]               0
      double_conv-61          [-1, 128, 35, 52]               0
               up-62          [-1, 128, 35, 52]               0
  ConvTranspose2d-63         [-1, 128, 70, 104]          65,664
           Conv2d-64          [-1, 64, 70, 105]         147,520
      BatchNorm2d-65          [-1, 64, 70, 105]             128
             ReLU-66          [-1, 64, 70, 105]               0
           Conv2d-67          [-1, 64, 70, 105]          36,928
      BatchNorm2d-68          [-1, 64, 70, 105]             128
             ReLU-69          [-1, 64, 70, 105]               0
      double_conv-70          [-1, 64, 70, 105]               0
               up-71          [-1, 64, 70, 105]               0
  ConvTranspose2d-72         [-1, 64, 140, 210]          16,448
           Conv2d-73         [-1, 64, 140, 210]          73,792
      BatchNorm2d-74         [-1, 64, 140, 210]             128
             ReLU-75         [-1, 64, 140, 210]               0
           Conv2d-76         [-1, 64, 140, 210]          36,928
      BatchNorm2d-77         [-1, 64, 140, 210]             128
             ReLU-78         [-1, 64, 140, 210]               0
      double_conv-79         [-1, 64, 140, 210]               0
               up-80         [-1, 64, 140, 210]               0
           Conv2d-81          [-1, 4, 140, 210]             260
          outconv-82          [-1, 4, 140, 210]               0
================================================================
Total params: 14,789,124
Trainable params: 14,789,124
Non-trainable params: 0
----------------------------------------------------------------
Input size (MB): 0.34
Forward/backward pass size (MB): 417.42
Params size (MB): 56.42
Estimated Total Size (MB): 474.17
----------------------------------------------------------------
Learning rate: 0.0004
Augmentation: 0
Using distance weighted Dice
Reading data
Loaded data
calculating weights
Training model
Dice: 0.24265447070441523
Loss: -0.6726030324643163
Epoch 1 loss = -0.1492535525141284
-------------
Dice: 0.29409746957156313
Loss: -0.6136822513536857
Epoch 2 loss = -0.1695462673656099
-------------
Dice: 0.4635960977133642
Loss: -0.689982181883276
Epoch 3 loss = -0.1759507335846623
-------------
Dice: 0.47447419296116433
Loss: -0.6991300460888805
Epoch 4 loss = -0.1822243111518522
-------------
Dice: 0.4729859200121935
Loss: -0.6783762170464873
Epoch 5 loss = -0.18397801315567144
-------------
Dice: 0.4786080322894795
Loss: -0.7225151239155343
Epoch 6 loss = -0.18701706047169864
-------------
Dice: 0.503674326143345
Loss: -0.7226599354414391
Epoch 7 loss = -0.18800198824765782
-------------
Dice: 0.511932275215852
Loss: -0.7565755233036815
Epoch 8 loss = -0.1919376761854316
-------------
Dice: 0.5089205067796224
Loss: -0.7429702477297127
Epoch 9 loss = -0.19024609342838328
-------------
Dice: 0.5017060745477232
Loss: -0.6965818312260407
Epoch 10 loss = -0.19189897400947908
-------------
Dice: 0.49849567848098214
Loss: -0.6684248684914735
Epoch 11 loss = -0.19390445325213174
-------------
Dice: 0.5162902284811562
Loss: -0.736304175695166
Epoch 12 loss = -0.19503617816139013
-------------
Dice: 0.5202321604556027
Loss: -0.7284191829725333
Epoch 13 loss = -0.19736605091020465
-------------
Dice: 0.5145452012357219
Loss: -0.7165633632727583
Epoch 14 loss = -0.20028065282541016
-------------
Dice: 0.4901325598947864
Loss: -0.7133156731384398
Epoch 15 loss = -0.2009357994577537
-------------
Dice: 0.5185126219561694
Loss: -0.7432230055808456
Epoch 16 loss = -0.19960514550097286
-------------
Dice: 0.5221993863968362
Loss: -0.7139464099778541
Epoch 17 loss = -0.20254696872085332
-------------
Dice: 0.5135765303306072
Loss: -0.6757033746808353
Epoch 18 loss = -0.20286567335327466
-------------
Dice: 0.5334357711254668
Loss: -0.7390755430537902
Epoch 19 loss = -0.20476477591631312
-------------
Dice: 0.5298488196460173
Loss: -0.7560494847351528
Epoch 20 loss = -0.2033912386589994
-------------
Dice: 0.5312182773403862
Loss: -0.7374346354012447
Epoch 21 loss = -0.20458465419709682
-------------
Dice: 0.5351780757980497
Loss: -0.7147613455690736
Epoch 22 loss = -0.2068296162225306
-------------
Dice: 0.5368050274907396
Loss: -0.720882308994963
Epoch 23 loss = -0.2080568148071567
-------------
Dice: 0.5228955669542411
Loss: -0.7113068880480228
Epoch 24 loss = -0.20777367620108028
-------------
Dice: 0.5385379897512
Loss: -0.7266354670256802
Epoch 25 loss = -0.20832444112127027
-------------
Dice: 0.5376654836465282
Loss: -0.7335068693441302
Epoch 26 loss = -0.20796853521217903
-------------
Dice: 0.5102684104089893
Loss: -0.7127964145764507
Epoch 27 loss = -0.21113238954606156
-------------
Dice: 0.5329510341319866
Loss: -0.7037773387846535
Epoch 28 loss = -0.21002169638872148
-------------
Dice: 0.5356957750039368
Loss: -0.732563864627506
Epoch 29 loss = -0.21122318749626479
-------------
Dice: 0.5264129337691376
Loss: -0.7471932359689548
Epoch 30 loss = -0.21183055892897149
-------------
Dice: 0.5441817511917608
Loss: -0.7172902485835461
Epoch 31 loss = -0.213842387534678
-------------
Dice: 0.5390145943531901
Loss: -0.7434790632054862
Epoch 32 loss = -0.21291914091135064
-------------
Dice: 0.5385620203843603
Loss: -0.7273413761180583
Epoch 33 loss = -0.21580943981495995
-------------
Dice: 0.540615214143662
Loss: -0.7420046177768046
Epoch 34 loss = -0.21424516585965953
-------------
Dice: 0.5204070336606298
Loss: -0.7059985548977523
Epoch 35 loss = -0.21458000247987608
-------------
Dice: 0.5346005467610675
Loss: -0.7149924374722451
Epoch 36 loss = -0.21780676156282425
-------------
Dice: 0.541253509455769
Loss: -0.7222902315822659
Epoch 37 loss = -0.21667785339988768
-------------
Dice: 0.5392357317700379
Loss: -0.7141750844664287
Epoch 38 loss = -0.21882723872860274
-------------
Dice: 0.5500155964993031
Loss: -0.7297865949279285
Epoch 39 loss = -0.21922581498821578
-------------
Dice: 0.5327777725688737
Loss: -0.7518655957872729
Epoch 40 loss = -0.2203853458026424
-------------
Dice: 0.547185018371299
Loss: -0.7068265242190651
Epoch 41 loss = -0.2203127193202575
-------------
Dice: 0.5269357989175985
Loss: -0.6881750407924923
Epoch 42 loss = -0.2218496218820413
-------------
Dice: 0.5324695022963647
Loss: -0.7383857595301896
Epoch 43 loss = -0.22285028436531623
-------------
Dice: 0.5417250309267905
Loss: -0.7253979582257413
Epoch 44 loss = -0.22195309886087974
-------------
Dice: 0.5426142945799881
Loss: -0.7190348627285827
Epoch 45 loss = -0.22190633504651486
-------------
Dice: 0.5394050954558538
Loss: -0.7019650028910133
Epoch 46 loss = -0.22141871810269853
-------------
Dice: 0.5294101294589959
Loss: -0.691621315017032
Epoch 47 loss = -0.22316127050668
-------------
Dice: 0.5378394614269897
Loss: -0.7010402290165972
Epoch 48 loss = -0.22537472175744672
-------------
Dice: 0.5322288106392542
Loss: -0.7294468412905477
Epoch 49 loss = -0.22722369895937541
-------------
Dice: 0.5409995589943157
Loss: -0.7487818255351997
Epoch 50 loss = -0.22595589596467713
-------------
Dice: 0.5167690986332529
Loss: -0.712090611072077
Epoch 51 loss = -0.22751823828555642
-------------
Dice: 0.5208389394252376
Loss: -0.6645650963347831
Epoch 52 loss = -0.22770638530763487
-------------
Dice: 0.5279558764527802
Loss: -0.6860615970302331
Epoch 53 loss = -0.22885651927441358
-------------
Dice: 0.5202710063996572
Loss: -0.6984824765963444
Epoch 54 loss = -0.22887053828996917
-------------
Dice: 0.5405472827198616
Loss: -0.7343598806128674
Epoch 55 loss = -0.23006008099454145
-------------
Dice: 0.5471357504538722
Loss: -0.747675101060374
Epoch 56 loss = -0.2327426555007696
-------------
Dice: 0.5430955819899212
Loss: -0.7101633743107733
Epoch 57 loss = -0.23228209658215443
-------------
Dice: 0.5353739759182469
Loss: -0.6803469891642964
Epoch 58 loss = -0.2331787693655739
-------------
Dice: 0.5462003453748988
Loss: -0.7183858075126648
Epoch 59 loss = -0.23307271576176086
-------------
Dice: 0.5331397926404653
Loss: -0.6916864786152578
Epoch 60 loss = -0.23539474118500947
-------------
Dice: 0.5202169073325875
Loss: -0.6590095774479159
Epoch 61 loss = -0.23598458390682936
-------------
Dice: 0.5489571444572393
Loss: -0.7205451411949195
Epoch 62 loss = -0.238740545467784
-------------
Dice: 0.5217210830435783
Loss: -0.6702836360560936
Epoch 63 loss = -0.2394623481327047
-------------
Dice: 0.5339331893542083
Loss: -0.7101299045526739
Epoch 64 loss = -0.2364673932020863
-------------
Dice: 0.5179675036149239
Loss: -0.6548393178329923
Epoch 65 loss = -0.24167419989282887
-------------
Dice: 0.5509967555351852
Loss: -0.7427995864529181
Epoch 66 loss = -0.24366685835644603
-------------
Dice: 0.540898046270468
Loss: -0.6967868953360395
Epoch 67 loss = -0.24118229827843607
-------------
Dice: 0.528888389219787
Loss: -0.6653729569635671
Epoch 68 loss = -0.24478811163455247
-------------
Dice: 0.5379484455317478
Loss: -0.685719964203931
Epoch 69 loss = -0.2454036624605457
-------------
Dice: 0.5078894708998205
Loss: -0.6548268806912837
Epoch 70 loss = -0.24831592838590344
-------------
Dice: 0.533160310756477
Loss: -0.6642657864847509
Epoch 71 loss = -0.24831413352862
-------------
Dice: 0.5479184739930626
Loss: -0.7328306281898898
Epoch 72 loss = -0.24904961549987395
-------------
Dice: 0.5466593736331465
Loss: -0.7131933489566014
Epoch 73 loss = -0.2512149213006099
-------------
Dice: 0.5051132427624881
Loss: -0.6324191400774056
Epoch 74 loss = -0.25334084337577223
-------------
Dice: 0.5174253518533832
Loss: -0.6789362186020893
Epoch 75 loss = -0.2544327552864949
-------------
Dice: 0.5364792438703179
Loss: -0.7270257816512579
Epoch 76 loss = -0.2550612596919139
-------------
Dice: 0.5139959830649318
Loss: -0.6650555284288383
Epoch 77 loss = -0.2574737208895385
-------------
Dice: 0.5263259181628183
Loss: -0.6727268617866488
Epoch 78 loss = -0.25526076729098957
-------------
Dice: 0.5253790046007054
Loss: -0.6475159650307855
Epoch 79 loss = -0.25972215009853244
-------------
Dice: 0.5043413010240212
Loss: -0.6013665642678934
Epoch 80 loss = -0.2605010226306816
-------------
