----------------------------------------------------------------
        Layer (type)               Output Shape         Param #
================================================================
            Conv2d-1         [-1, 64, 140, 210]           1,792
       BatchNorm2d-2         [-1, 64, 140, 210]             128
              ReLU-3         [-1, 64, 140, 210]               0
            Conv2d-4         [-1, 64, 140, 210]          36,928
       BatchNorm2d-5         [-1, 64, 140, 210]             128
              ReLU-6         [-1, 64, 140, 210]               0
       double_conv-7         [-1, 64, 140, 210]               0
            inconv-8         [-1, 64, 140, 210]               0
         MaxPool2d-9          [-1, 64, 70, 105]               0
           Conv2d-10         [-1, 128, 70, 105]          73,856
      BatchNorm2d-11         [-1, 128, 70, 105]             256
             ReLU-12         [-1, 128, 70, 105]               0
           Conv2d-13         [-1, 128, 70, 105]         147,584
      BatchNorm2d-14         [-1, 128, 70, 105]             256
             ReLU-15         [-1, 128, 70, 105]               0
      double_conv-16         [-1, 128, 70, 105]               0
             down-17         [-1, 128, 70, 105]               0
        MaxPool2d-18          [-1, 128, 35, 52]               0
           Conv2d-19          [-1, 256, 35, 52]         295,168
      BatchNorm2d-20          [-1, 256, 35, 52]             512
             ReLU-21          [-1, 256, 35, 52]               0
           Conv2d-22          [-1, 256, 35, 52]         590,080
      BatchNorm2d-23          [-1, 256, 35, 52]             512
             ReLU-24          [-1, 256, 35, 52]               0
      double_conv-25          [-1, 256, 35, 52]               0
             down-26          [-1, 256, 35, 52]               0
        MaxPool2d-27          [-1, 256, 17, 26]               0
           Conv2d-28          [-1, 512, 17, 26]       1,180,160
      BatchNorm2d-29          [-1, 512, 17, 26]           1,024
             ReLU-30          [-1, 512, 17, 26]               0
           Conv2d-31          [-1, 512, 17, 26]       2,359,808
      BatchNorm2d-32          [-1, 512, 17, 26]           1,024
             ReLU-33          [-1, 512, 17, 26]               0
      double_conv-34          [-1, 512, 17, 26]               0
             down-35          [-1, 512, 17, 26]               0
        MaxPool2d-36           [-1, 512, 8, 13]               0
           Conv2d-37           [-1, 512, 8, 13]       2,359,808
      BatchNorm2d-38           [-1, 512, 8, 13]           1,024
             ReLU-39           [-1, 512, 8, 13]               0
           Conv2d-40           [-1, 512, 8, 13]       2,359,808
      BatchNorm2d-41           [-1, 512, 8, 13]           1,024
             ReLU-42           [-1, 512, 8, 13]               0
      double_conv-43           [-1, 512, 8, 13]               0
             down-44           [-1, 512, 8, 13]               0
  ConvTranspose2d-45          [-1, 512, 16, 26]       1,049,088
           Conv2d-46          [-1, 256, 17, 26]       2,359,552
      BatchNorm2d-47          [-1, 256, 17, 26]             512
             ReLU-48          [-1, 256, 17, 26]               0
           Conv2d-49          [-1, 256, 17, 26]         590,080
      BatchNorm2d-50          [-1, 256, 17, 26]             512
             ReLU-51          [-1, 256, 17, 26]               0
      double_conv-52          [-1, 256, 17, 26]               0
               up-53          [-1, 256, 17, 26]               0
  ConvTranspose2d-54          [-1, 256, 34, 52]         262,400
           Conv2d-55          [-1, 128, 35, 52]         589,952
      BatchNorm2d-56          [-1, 128, 35, 52]             256
             ReLU-57          [-1, 128, 35, 52]               0
           Conv2d-58          [-1, 128, 35, 52]         147,584
      BatchNorm2d-59          [-1, 128, 35, 52]             256
             ReLU-60          [-1, 128, 35, 52]               0
      double_conv-61          [-1, 128, 35, 52]               0
               up-62          [-1, 128, 35, 52]               0
  ConvTranspose2d-63         [-1, 128, 70, 104]          65,664
           Conv2d-64          [-1, 64, 70, 105]         147,520
      BatchNorm2d-65          [-1, 64, 70, 105]             128
             ReLU-66          [-1, 64, 70, 105]               0
           Conv2d-67          [-1, 64, 70, 105]          36,928
      BatchNorm2d-68          [-1, 64, 70, 105]             128
             ReLU-69          [-1, 64, 70, 105]               0
      double_conv-70          [-1, 64, 70, 105]               0
               up-71          [-1, 64, 70, 105]               0
  ConvTranspose2d-72         [-1, 64, 140, 210]          16,448
           Conv2d-73         [-1, 64, 140, 210]          73,792
      BatchNorm2d-74         [-1, 64, 140, 210]             128
             ReLU-75         [-1, 64, 140, 210]               0
           Conv2d-76         [-1, 64, 140, 210]          36,928
      BatchNorm2d-77         [-1, 64, 140, 210]             128
             ReLU-78         [-1, 64, 140, 210]               0
      double_conv-79         [-1, 64, 140, 210]               0
               up-80         [-1, 64, 140, 210]               0
           Conv2d-81          [-1, 4, 140, 210]             260
          outconv-82          [-1, 4, 140, 210]               0
================================================================
Total params: 14,789,124
Trainable params: 14,789,124
Non-trainable params: 0
----------------------------------------------------------------
Input size (MB): 0.34
Forward/backward pass size (MB): 417.42
Params size (MB): 56.42
Estimated Total Size (MB): 474.17
----------------------------------------------------------------
Learning rate: 0.0004
Augmentation: 0
2019-12-13 00:12:00.263243
Using Lovasz
Reading data
Loaded data
Training model
Dice: 0.22781732715787018
Loss: 1.0908257095168168
Epoch 1 loss = 1.0083226588368417
-------------
Dice: 0.3802583974016655
Loss: 1.0014045478191835
Epoch 2 loss = 1.0023270798722903
-------------
Dice: 0.31119603373687327
Loss: 1.0055676685101864
Epoch 3 loss = 1.0012922698259354
-------------
Dice: 0.3635384510769572
Loss: 1.0003268920863921
Epoch 4 loss = 1.0006622954209645
-------------
Dice: 0.2510113841964105
Loss: 1.0004657081880135
Epoch 5 loss = 1.0003813738624254
-------------
Dice: 0.2238432351438828
Loss: 1.0003226649505523
Epoch 6 loss = 1.0003290308515231
-------------
Dice: 0.17808847906893951
Loss: 1.0003229867037755
Epoch 7 loss = 1.0002221301198007
-------------
Dice: 0.22980785560683628
Loss: 1.0002555362181114
Epoch 8 loss = 1.0001966351270675
-------------
Dice: 0.25862520624079355
Loss: 1.0001498574226215
Epoch 9 loss = 1.0003579646348952
-------------
Dice: 0.2704121441989048
Loss: 1.000210411427168
Epoch 10 loss = 1.0002458330988884
-------------
Dice: 0.34741519639622576
Loss: 1.0000537625106984
Epoch 11 loss = 1.0002246646086375
-------------
Dice: 0.18733813442636407
Loss: 1.0001365268358278
Epoch 12 loss = 1.0002861286203066
-------------
Dice: 0.28358651477675934
Loss: 1.0001209450950572
Epoch 13 loss = 1.0001984988649686
-------------
Dice: 0.2533330697992396
Loss: 1.000122574155516
Epoch 14 loss = 1.000191076596578
-------------
Dice: 0.2860210376819199
Loss: 1.0000691524139997
Epoch 15 loss = 1.0001691009600957
-------------
Dice: 0.369032780694259
Loss: 1.0000386792597118
Epoch 16 loss = 1.0002226275205612
-------------
Dice: 0.2570222699342048
Loss: 1.0000844616992224
Epoch 17 loss = 1.000176879266898
-------------
Dice: 0.3054964479120222
Loss: 1.000131658031218
Epoch 18 loss = 1.000161911000808
-------------
Dice: 0.2639737461266959
Loss: 1.0001853817110087
Epoch 19 loss = 1.0005652434627215
-------------
Dice: 0.31611741863459075
Loss: 1.0005083617032693
Epoch 20 loss = 1.0004610641797385
-------------
Dice: 0.2099658449850343
Loss: 1.0087826128939201
Epoch 21 loss = 1.000620012283325
-------------
Dice: 0.2295492062972962
Loss: 1.000118432671391
Epoch 22 loss = 1.0002171247204146
-------------
Dice: 0.26585400210124965
Loss: 1.0002379422213372
Epoch 23 loss = 1.0001920626560847
-------------
Dice: 0.2643578063716609
Loss: 1.0001699342804364
Epoch 24 loss = 1.0002118323246638
-------------
Dice: 0.2628167538636284
Loss: 1.0000816478965748
Epoch 25 loss = 1.0001970694462459
-------------
Dice: 0.2698311873422865
Loss: 1.0001275637673948
